<?xml version="1.0" encoding="UTF-8"?>
<!-- Generated by org.testng.reporters.JUnitXMLReporter -->
<testsuite hostname="Dom-PC" name="CheckRoadNum" tests="3" failures="0" timestamp="22 Jan 2014 07:06:22 GMT" time="405.247" errors="0">
  <testcase name="Start" time="98.901" classname="com.testng.CheckRoadNumAddVehicle"/>
  <testcase name="Start" time="197.372" classname="com.testng.CheckRoadNumApprove"/>
  <testcase name="Start" time="105.678" classname="com.testng.CheckRoadNumDelVehicle"/>
</testsuite> <!-- CheckRoadNum -->
