<?xml version="1.0" encoding="UTF-8"?>
<!-- Generated by org.testng.reporters.JUnitXMLReporter -->
<testsuite hostname="Dom-PC" name="Manufactory" tests="3" failures="0" timestamp="22 Jan 2014 06:59:37 GMT" time="317.094" errors="0">
  <testcase name="Start" time="29.714" classname="com.testng.ManufactoryRegiste"/>
  <testcase name="Start" time="143.496" classname="com.testng.ManufactoryApprove"/>
  <testcase name="Start" time="140.848" classname="com.testng.ManufactoryAddVehicle"/>
</testsuite> <!-- Manufactory -->
