<?xml version="1.0" encoding="UTF-8"?>
<!-- Generated by org.testng.reporters.JUnitXMLReporter -->
<testsuite hostname="Dom-PC" name="TransferVehicle" tests="5" failures="2" timestamp="22 Jan 2014 07:13:44 GMT" time="441.683" errors="0">
  <testcase name="Start" time="141.206" classname="com.testng.TransferAddVehicle"/>
  <testcase name="Start" time="42.52" classname="com.testng.TransferApplyOut"/>
  <testcase name="Start" time="110.208" classname="com.testng.TransferApproveIn">
    <failure type="java.lang.AssertionError" message="异常Timed out after 60 seconds waiting for presence of element located by: By.id: userName
Build info: version: &amp;apos;2.39.0&amp;apos;, revision: &amp;apos;ff23eac&amp;apos;, time: &amp;apos;2013-12-16 16:12:12&amp;apos;
System info: host: &amp;apos;Dom-PC&amp;apos;, ip: &amp;apos;192.168.101.235&amp;apos;, os.name: &amp;apos;Windows 7&amp;apos;, os.arch: &amp;apos;amd64&amp;apos;, os.version: &amp;apos;6.1&amp;apos;, java.version: &amp;apos;1.7.0_40&amp;apos;
Driver info: driver.version: unknown">
      <![CDATA[java.lang.AssertionError: 异常Timed out after 60 seconds waiting for presence of element located by: By.id: userName
Build info: version: '2.39.0', revision: 'ff23eac', time: '2013-12-16 16:12:12'
System info: host: 'Dom-PC', ip: '192.168.101.235', os.name: 'Windows 7', os.arch: 'amd64', os.version: '6.1', java.version: '1.7.0_40'
Driver info: driver.version: unknown
	at com.testng.TransferApproveIn.Start(TransferApproveIn.java:64)
... Removed 25 stack frames]]>
    </failure>
  </testcase> <!-- Start -->
  <testcase name="Start" time="41.672" classname="com.testng.TransferApplyIn"/>
  <testcase name="Start" time="102.392" classname="com.testng.TransferApproveOut">
    <failure type="java.lang.AssertionError" message="异常Timed out after 60 seconds waiting for presence of element located by: By.id: userName
Build info: version: &amp;apos;2.39.0&amp;apos;, revision: &amp;apos;ff23eac&amp;apos;, time: &amp;apos;2013-12-16 16:12:12&amp;apos;
System info: host: &amp;apos;Dom-PC&amp;apos;, ip: &amp;apos;192.168.101.235&amp;apos;, os.name: &amp;apos;Windows 7&amp;apos;, os.arch: &amp;apos;amd64&amp;apos;, os.version: &amp;apos;6.1&amp;apos;, java.version: &amp;apos;1.7.0_40&amp;apos;
Driver info: driver.version: unknown">
      <![CDATA[java.lang.AssertionError: 异常Timed out after 60 seconds waiting for presence of element located by: By.id: userName
Build info: version: '2.39.0', revision: 'ff23eac', time: '2013-12-16 16:12:12'
System info: host: 'Dom-PC', ip: '192.168.101.235', os.name: 'Windows 7', os.arch: 'amd64', os.version: '6.1', java.version: '1.7.0_40'
Driver info: driver.version: unknown
	at com.testng.TransferApproveOut.Start(TransferApproveOut.java:64)
... Removed 25 stack frames]]>
    </failure>
  </testcase> <!-- Start -->
</testsuite> <!-- TransferVehicle -->
