<?xml version="1.0" encoding="UTF-8"?>
<!-- Generated by org.testng.reporters.JUnitXMLReporter -->
<testsuite hostname="HuPan-PC" ignored="0" name="不用等测试Demo" tests="2" failures="1" timestamp="10 三月 2017 07:36:19 GMT" time="56.185" errors="0">
  <testcase name="Start" time="44.659" classname="com.testng.BydLogin">
    <failure type="java.lang.AssertionError" message="异常Timed out after 10 seconds waiting for text (&amp;apos;床&amp;apos;) to be present in element found by By.xpath: /html/body/div[1]/span
Build info: version: &amp;apos;2.39.0&amp;apos;, revision: &amp;apos;ff23eac&amp;apos;, time: &amp;apos;2013-12-16 16:12:12&amp;apos;
System info: host: &amp;apos;HuPan-PC&amp;apos;, ip: &amp;apos;192.168.5.172&amp;apos;, os.name: &amp;apos;Windows 10&amp;apos;, os.arch: &amp;apos;amd64&amp;apos;, os.version: &amp;apos;10.0&amp;apos;, java.version: &amp;apos;1.8.0_121&amp;apos;
Driver info: driver.version: unknown">
      <![CDATA[java.lang.AssertionError: 异常Timed out after 10 seconds waiting for text ('床') to be present in element found by By.xpath: /html/body/div[1]/span
Build info: version: '2.39.0', revision: 'ff23eac', time: '2013-12-16 16:12:12'
System info: host: 'HuPan-PC', ip: '192.168.5.172', os.name: 'Windows 10', os.arch: 'amd64', os.version: '10.0', java.version: '1.8.0_121'
Driver info: driver.version: unknown
	at com.testng.BydLogin.Start(BydLogin.java:64)
... Removed 26 stack frames]]>
    </failure>
  </testcase> <!-- Start -->
  <testcase name="Start" time="9.269" classname="com.testng.xjsss"/>
</testsuite> <!-- 不用等测试Demo -->
