<?xml version="1.0" encoding="UTF-8"?>
<testng-results skipped="0" failed="1" ignored="0" total="2" passed="1">
  <reporter-output>
  </reporter-output>
  <suite name="收银机2.0自动化测试" duration-ms="32471" started-at="2017-10-25T08:35:45Z" finished-at="2017-10-25T08:36:17Z">
    <groups>
    </groups>
    <test name="点菜结账流程" duration-ms="25815" started-at="2017-10-25T08:35:45Z" finished-at="2017-10-25T08:36:10Z">
      <class name="com.testng.BydLogin">
        <test-method status="FAIL" signature="Start(java.lang.String)[pri:0, instance:com.testng.BydLogin@4d50efb8]" name="Start" duration-ms="23824" started-at="2017-10-25T16:35:45Z" finished-at="2017-10-25T16:36:08Z">
          <params>
            <param index="0">
              <value>
                <![CDATA[config.properties]]>
              </value>
            </param>
          </params>
          <exception class="java.lang.AssertionError">
            <message>
              <![CDATA[异常null]]>
            </message>
            <full-stacktrace>
              <![CDATA[java.lang.AssertionError: 异常null
	at org.testng.Assert.fail(Assert.java:93)
	at com.testng.BydLogin.Start(BydLogin.java:65)
	at sun.reflect.NativeMethodAccessorImpl.invoke0(Native Method)
	at sun.reflect.NativeMethodAccessorImpl.invoke(Unknown Source)
	at sun.reflect.DelegatingMethodAccessorImpl.invoke(Unknown Source)
	at java.lang.reflect.Method.invoke(Unknown Source)
	at org.testng.internal.MethodInvocationHelper.invokeMethod(MethodInvocationHelper.java:108)
	at org.testng.internal.Invoker.invokeMethod(Invoker.java:661)
	at org.testng.internal.Invoker.invokeTestMethod(Invoker.java:869)
	at org.testng.internal.Invoker.invokeTestMethods(Invoker.java:1193)
	at org.testng.internal.TestMethodWorker.invokeTestMethods(TestMethodWorker.java:126)
	at org.testng.internal.TestMethodWorker.run(TestMethodWorker.java:109)
	at org.testng.TestRunner.privateRun(TestRunner.java:744)
	at org.testng.TestRunner.run(TestRunner.java:602)
	at org.testng.SuiteRunner.runTest(SuiteRunner.java:380)
	at org.testng.SuiteRunner.access$000(SuiteRunner.java:39)
	at org.testng.SuiteRunner$SuiteWorker.run(SuiteRunner.java:414)
	at org.testng.internal.thread.ThreadUtil$1.call(ThreadUtil.java:52)
	at java.util.concurrent.FutureTask.run(Unknown Source)
	at java.util.concurrent.ThreadPoolExecutor.runWorker(Unknown Source)
	at java.util.concurrent.ThreadPoolExecutor$Worker.run(Unknown Source)
	at java.lang.Thread.run(Unknown Source)
]]>
            </full-stacktrace>
          </exception> <!-- java.lang.AssertionError -->
          <reporter-output>
          </reporter-output>
        </test-method> <!-- Start -->
        <test-method status="PASS" signature="afterClass()[pri:0, instance:com.testng.BydLogin@4d50efb8]" name="afterClass" is-config="true" duration-ms="1949" started-at="2017-10-25T16:36:08Z" finished-at="2017-10-25T16:36:10Z">
          <reporter-output>
          </reporter-output>
        </test-method> <!-- afterClass -->
      </class> <!-- com.testng.BydLogin -->
    </test> <!-- 点菜结账流程 -->
    <test name="查询会员" duration-ms="32471" started-at="2017-10-25T08:35:45Z" finished-at="2017-10-25T08:36:17Z">
      <class name="com.testng.QueryMember">
        <test-method status="PASS" signature="Start(java.lang.String)[pri:0, instance:com.testng.QueryMember@4abdb505]" name="Start" duration-ms="31032" started-at="2017-10-25T16:35:45Z" finished-at="2017-10-25T16:36:16Z">
          <params>
            <param index="0">
              <value>
                <![CDATA[config.properties]]>
              </value>
            </param>
          </params>
          <reporter-output>
          </reporter-output>
        </test-method> <!-- Start -->
        <test-method status="PASS" signature="afterClass()[pri:0, instance:com.testng.QueryMember@4abdb505]" name="afterClass" is-config="true" duration-ms="1401" started-at="2017-10-25T16:36:16Z" finished-at="2017-10-25T16:36:17Z">
          <reporter-output>
          </reporter-output>
        </test-method> <!-- afterClass -->
      </class> <!-- com.testng.QueryMember -->
    </test> <!-- 查询会员 -->
  </suite> <!-- 收银机2.0自动化测试 -->
</testng-results>
