<?xml version="1.0" encoding="UTF-8"?>
<!-- Generated by org.testng.reporters.JUnitXMLReporter -->
<testsuite hostname="HuPan-PC" ignored="0" name="会员充值" tests="1" failures="1" timestamp="27 十月 2017 05:52:09 GMT" time="58.019" errors="0">
  <testcase name="Start" time="56.534" classname="com.testng.MemberRecharge">
    <failure type="java.lang.AssertionError" message="异常Timed out after 10 seconds waiting for presence of element located by: By.xpath: html/body/div[4]/div/div[2]/div/div[1]/div[3]/button[2]
Build info: version: &amp;apos;2.39.0&amp;apos;, revision: &amp;apos;ff23eac&amp;apos;, time: &amp;apos;2013-12-16 16:12:12&amp;apos;
System info: host: &amp;apos;HuPan-PC&amp;apos;, ip: &amp;apos;192.168.3.47&amp;apos;, os.name: &amp;apos;Windows 10&amp;apos;, os.arch: &amp;apos;amd64&amp;apos;, os.version: &amp;apos;10.0&amp;apos;, java.version: &amp;apos;1.8.0_121&amp;apos;
Driver info: driver.version: unknown">
      <![CDATA[java.lang.AssertionError: 异常Timed out after 10 seconds waiting for presence of element located by: By.xpath: html/body/div[4]/div/div[2]/div/div[1]/div[3]/button[2]
Build info: version: '2.39.0', revision: 'ff23eac', time: '2013-12-16 16:12:12'
System info: host: 'HuPan-PC', ip: '192.168.3.47', os.name: 'Windows 10', os.arch: 'amd64', os.version: '10.0', java.version: '1.8.0_121'
Driver info: driver.version: unknown
	at com.testng.MemberRecharge.Start(MemberRecharge.java:67)
	at java.util.concurrent.FutureTask.run(Unknown Source)
	at java.util.concurrent.ThreadPoolExecutor.runWorker(Unknown Source)
	at java.util.concurrent.ThreadPoolExecutor$Worker.run(Unknown Source)
	at java.lang.Thread.run(Unknown Source)
... Removed 17 stack frames]]>
    </failure>
  </testcase> <!-- Start -->
</testsuite> <!-- 会员充值 -->
