<?xml version="1.0" encoding="UTF-8"?>
<testng-results skipped="0" failed="0" ignored="0" total="1" passed="1">
  <reporter-output>
  </reporter-output>
  <suite name="收银机2.0自动化测试" duration-ms="13182" started-at="2017-10-27T10:07:19Z" finished-at="2017-10-27T10:07:33Z">
    <groups>
    </groups>
    <test name="百度搜索" duration-ms="13182" started-at="2017-10-27T10:07:19Z" finished-at="2017-10-27T10:07:33Z">
      <class name="com.testng.Baisearch">
        <test-method status="PASS" signature="Start(java.lang.String)[pri:0, instance:com.testng.Baisearch@4d50efb8]" name="Start" duration-ms="11910" started-at="2017-10-27T18:07:19Z" finished-at="2017-10-27T18:07:31Z">
          <params>
            <param index="0">
              <value>
                <![CDATA[config.properties]]>
              </value>
            </param>
          </params>
          <reporter-output>
          </reporter-output>
        </test-method> <!-- Start -->
        <test-method status="PASS" signature="afterClass()[pri:0, instance:com.testng.Baisearch@4d50efb8]" name="afterClass" is-config="true" duration-ms="1246" started-at="2017-10-27T18:07:31Z" finished-at="2017-10-27T18:07:33Z">
          <reporter-output>
          </reporter-output>
        </test-method> <!-- afterClass -->
      </class> <!-- com.testng.Baisearch -->
    </test> <!-- 百度搜索 -->
  </suite> <!-- 收银机2.0自动化测试 -->
</testng-results>
